2025-11-14T15:47:29+00:00 DEBUG #2865 - [New Request] POST /index.php/wp-json/wc-admin/settings/payments/providers
2025-11-14T15:47:29+00:00 DEBUG #3705 - [New Request] POST /index.php/wp-json/wc-admin/settings/payments/suggestion/paypal_full_stack/attach
2025-11-14T15:47:29+00:00 DEBUG #2865 - Webhook lock acquired for 'register'.
2025-11-14T15:47:29+00:00 DEBUG #3705 - Webhook lock acquired for 'register'.
2025-11-14T15:47:29+00:00 DEBUG #2865 - Webhook operation 'register' started.
2025-11-14T15:47:29+00:00 DEBUG #3705 - Webhook operation 'register' started.
2025-11-14T15:47:29+00:00 DEBUG #3705 - GET https://api.woocommerce.com/integrations/ppc/v1/notifications/webhooks
Response: Array
(
    [code] => 404
    [message] => Not Found
)

Response Body: {"statusCode":404,"error":"Not Found","message":"Not Found"}
2025-11-14T15:47:29+00:00 ERROR #3705 - Failed to delete webhooks: [Error] Not Found
2025-11-14T15:47:29+00:00 INFO #3705 - Webhooks deleted.
2025-11-14T15:47:29+00:00 DEBUG #2865 - GET https://api.woocommerce.com/integrations/ppc/v1/notifications/webhooks
Response: Array
(
    [code] => 404
    [message] => Not Found
)

Response Body: {"statusCode":404,"error":"Not Found","message":"Not Found"}
2025-11-14T15:47:29+00:00 ERROR #2865 - Failed to delete webhooks: [Error] Not Found
2025-11-14T15:47:29+00:00 INFO #2865 - Webhooks deleted.
2025-11-14T15:47:30+00:00 DEBUG #3705 - POST https://api.woocommerce.com/integrations/ppc/v1/notifications/webhooks
Request Body: {"url":"https:\/\/localhost\/index.php\/wp-json\/paypal\/v1\/incoming","event_types":[{"name":"CHECKOUT.ORDER.APPROVED"},{"name":"CHECKOUT.ORDER.COMPLETED"},{"name":"CHECKOUT.PAYMENT-APPROVAL.REVERSED"},{"name":"PAYMENT.CAPTURE.REFUNDED"},{"name":"PAYMENT.AUTHORIZATION.VOIDED"},{"name":"PAYMENT.CAPTURE.REVERSED"},{"name":"PAYMENT.ORDER.CANCELLED"},{"name":"PAYMENT.CAPTURE.DENIED"},{"name":"PAYMENT.CAPTURE.COMPLETED"},{"name":"VAULT.PAYMENT-TOKEN.CREATED"},{"name":"VAULT.PAYMENT-TOKEN.DELETED"},{"name":"PAYMENT.CAPTURE.PENDING"},{"name":"PAYMENT.SALE.COMPLETED"},{"name":"PAYMENT.SALE.REFUNDED"},{"name":"BILLING.SUBSCRIPTION.CANCELLED"},{"name":"BILLING.PLAN.PRICING-CHANGE.ACTIVATED"},{"name":"CATALOG.PRODUCT.UPDATED"},{"name":"BILLING.PLAN.UPDATED"}]}
Response: Array
(
    [code] => 404
    [message] => Not Found
)

Response Body: {"statusCode":404,"error":"Not Found","message":"Not Found"}
2025-11-14T15:47:30+00:00 ERROR #3705 - Failed to subscribe webhooks: [Error] Not Found
2025-11-14T15:47:30+00:00 DEBUG #3705 - Webhook lock released for 'register'.
2025-11-14T15:47:30+00:00 DEBUG #2865 - POST https://api.woocommerce.com/integrations/ppc/v1/notifications/webhooks
Request Body: {"url":"https:\/\/localhost\/index.php\/wp-json\/paypal\/v1\/incoming","event_types":[{"name":"CHECKOUT.ORDER.APPROVED"},{"name":"CHECKOUT.ORDER.COMPLETED"},{"name":"CHECKOUT.PAYMENT-APPROVAL.REVERSED"},{"name":"PAYMENT.CAPTURE.REFUNDED"},{"name":"PAYMENT.AUTHORIZATION.VOIDED"},{"name":"PAYMENT.CAPTURE.REVERSED"},{"name":"PAYMENT.ORDER.CANCELLED"},{"name":"PAYMENT.CAPTURE.DENIED"},{"name":"PAYMENT.CAPTURE.COMPLETED"},{"name":"VAULT.PAYMENT-TOKEN.CREATED"},{"name":"VAULT.PAYMENT-TOKEN.DELETED"},{"name":"PAYMENT.CAPTURE.PENDING"},{"name":"PAYMENT.SALE.COMPLETED"},{"name":"PAYMENT.SALE.REFUNDED"},{"name":"BILLING.SUBSCRIPTION.CANCELLED"},{"name":"BILLING.PLAN.PRICING-CHANGE.ACTIVATED"},{"name":"CATALOG.PRODUCT.UPDATED"},{"name":"BILLING.PLAN.UPDATED"}]}
Response: Array
(
    [code] => 404
    [message] => Not Found
)

Response Body: {"statusCode":404,"error":"Not Found","message":"Not Found"}
2025-11-14T15:47:30+00:00 ERROR #2865 - Failed to subscribe webhooks: [Error] Not Found
2025-11-14T15:47:30+00:00 DEBUG #2865 - Webhook lock released for 'register'.
